[2022-06-23 15:00:42.035] [INFO ] [main] studio.thinkground.aroundhub.AroundHubSpringBootApplication Starting AroundHubSpringBootApplication using Java 11.0.14 on LAPTOP-SPCI7J6B with PID 21376 (D:\mywork\AroundHub_SpringBoot-query_dsl\target\classes started by User in D:\mywork\AroundHub_SpringBoot-query_dsl)
[2022-06-23 15:00:42.037] [INFO ] [main] studio.thinkground.aroundhub.AroundHubSpringBootApplication No active profile set, falling back to default profiles: default
[2022-06-23 15:00:42.038] [INFO ] [background-preinit] org.hibernate.validator.internal.util.Version HV000001: Hibernate Validator 6.2.0.Final
[2022-06-23 15:00:42.627] [INFO ] [main] org.springframework.data.repository.config.RepositoryConfigurationDelegate Bootstrapping Spring Data JPA repositories in DEFAULT mode.
[2022-06-23 15:00:42.677] [INFO ] [main] org.springframework.data.repository.config.RepositoryConfigurationDelegate Finished Spring Data repository scanning in 44 ms. Found 3 JPA repository interfaces.
[2022-06-23 15:00:43.026] [INFO ] [main] org.springframework.boot.web.embedded.tomcat.TomcatWebServer Tomcat initialized with port(s): 8080 (http)
[2022-06-23 15:00:43.031] [INFO ] [main] org.apache.coyote.http11.Http11NioProtocol Initializing ProtocolHandler ["http-nio-8080"]
[2022-06-23 15:00:43.032] [INFO ] [main] org.apache.catalina.core.StandardService Starting service [Tomcat]
[2022-06-23 15:00:43.032] [INFO ] [main] org.apache.catalina.core.StandardEngine Starting Servlet engine: [Apache Tomcat/9.0.54]
[2022-06-23 15:00:43.105] [INFO ] [main] org.apache.catalina.core.ContainerBase.[Tomcat].[localhost].[/] Initializing Spring embedded WebApplicationContext
[2022-06-23 15:00:43.105] [INFO ] [main] org.springframework.boot.web.servlet.context.ServletWebServerApplicationContext Root WebApplicationContext: initialization completed in 1038 ms
[2022-06-23 15:00:43.141] [WARN ] [main] org.springframework.boot.web.servlet.context.AnnotationConfigServletWebServerApplicationContext Exception encountered during context initialization - cancelling refresh attempt: org.springframework.beans.factory.UnsatisfiedDependencyException: Error creating bean with name 'dataSourceScriptDatabaseInitializer' defined in class path resource [org/springframework/boot/autoconfigure/sql/init/DataSourceInitializationConfiguration.class]: Unsatisfied dependency expressed through method 'dataSourceScriptDatabaseInitializer' parameter 0; nested exception is org.springframework.beans.factory.BeanCreationException: Error creating bean with name 'dataSource' defined in class path resource [org/springframework/boot/autoconfigure/jdbc/DataSourceConfiguration$Hikari.class]: Bean instantiation via factory method failed; nested exception is org.springframework.beans.BeanInstantiationException: Failed to instantiate [com.zaxxer.hikari.HikariDataSource]: Factory method 'dataSource' threw exception; nested exception is org.springframework.boot.autoconfigure.jdbc.DataSourceProperties$DataSourceBeanCreationException: Failed to determine a suitable driver class
[2022-06-23 15:00:43.143] [INFO ] [main] org.apache.catalina.core.StandardService Stopping service [Tomcat]
[2022-06-23 15:00:43.154] [INFO ] [main] org.springframework.boot.autoconfigure.logging.ConditionEvaluationReportLoggingListener 

Error starting ApplicationContext. To display the conditions report re-run your application with 'debug' enabled.
[2022-06-23 15:00:43.164] [ERROR] [main] org.springframework.boot.diagnostics.LoggingFailureAnalysisReporter 

***************************
APPLICATION FAILED TO START
***************************

Description:

Failed to configure a DataSource: 'url' attribute is not specified and no embedded datasource could be configured.

Reason: Failed to determine a suitable driver class


Action:

Consider the following:
	If you want an embedded database (H2, HSQL or Derby), please put it on the classpath.
	If you have database settings to be loaded from a particular profile you may need to activate it (no profiles are currently active).

[2022-06-23 15:00:56.241] [INFO ] [main] studio.thinkground.aroundhub.AroundHubSpringBootApplication Starting AroundHubSpringBootApplication using Java 11.0.14 on LAPTOP-SPCI7J6B with PID 23160 (D:\mywork\AroundHub_SpringBoot-query_dsl\target\classes started by User in D:\mywork\AroundHub_SpringBoot-query_dsl)
[2022-06-23 15:00:56.241] [INFO ] [background-preinit] org.hibernate.validator.internal.util.Version HV000001: Hibernate Validator 6.2.0.Final
[2022-06-23 15:00:56.243] [INFO ] [main] studio.thinkground.aroundhub.AroundHubSpringBootApplication No active profile set, falling back to default profiles: default
[2022-06-23 15:00:56.840] [INFO ] [main] org.springframework.data.repository.config.RepositoryConfigurationDelegate Bootstrapping Spring Data JPA repositories in DEFAULT mode.
[2022-06-23 15:00:56.874] [INFO ] [main] org.springframework.data.repository.config.RepositoryConfigurationDelegate Finished Spring Data repository scanning in 31 ms. Found 3 JPA repository interfaces.
[2022-06-23 15:00:57.210] [INFO ] [main] org.springframework.boot.web.embedded.tomcat.TomcatWebServer Tomcat initialized with port(s): 8080 (http)
[2022-06-23 15:00:57.216] [INFO ] [main] org.apache.coyote.http11.Http11NioProtocol Initializing ProtocolHandler ["http-nio-8080"]
[2022-06-23 15:00:57.217] [INFO ] [main] org.apache.catalina.core.StandardService Starting service [Tomcat]
[2022-06-23 15:00:57.217] [INFO ] [main] org.apache.catalina.core.StandardEngine Starting Servlet engine: [Apache Tomcat/9.0.54]
[2022-06-23 15:00:57.289] [INFO ] [main] org.apache.catalina.core.ContainerBase.[Tomcat].[localhost].[/] Initializing Spring embedded WebApplicationContext
[2022-06-23 15:00:57.290] [INFO ] [main] org.springframework.boot.web.servlet.context.ServletWebServerApplicationContext Root WebApplicationContext: initialization completed in 1024 ms
[2022-06-23 15:00:57.324] [WARN ] [main] org.springframework.boot.web.servlet.context.AnnotationConfigServletWebServerApplicationContext Exception encountered during context initialization - cancelling refresh attempt: org.springframework.beans.factory.UnsatisfiedDependencyException: Error creating bean with name 'dataSourceScriptDatabaseInitializer' defined in class path resource [org/springframework/boot/autoconfigure/sql/init/DataSourceInitializationConfiguration.class]: Unsatisfied dependency expressed through method 'dataSourceScriptDatabaseInitializer' parameter 0; nested exception is org.springframework.beans.factory.BeanCreationException: Error creating bean with name 'dataSource' defined in class path resource [org/springframework/boot/autoconfigure/jdbc/DataSourceConfiguration$Hikari.class]: Bean instantiation via factory method failed; nested exception is org.springframework.beans.BeanInstantiationException: Failed to instantiate [com.zaxxer.hikari.HikariDataSource]: Factory method 'dataSource' threw exception; nested exception is org.springframework.boot.autoconfigure.jdbc.DataSourceProperties$DataSourceBeanCreationException: Failed to determine a suitable driver class
[2022-06-23 15:00:57.326] [INFO ] [main] org.apache.catalina.core.StandardService Stopping service [Tomcat]
[2022-06-23 15:00:57.335] [INFO ] [main] org.springframework.boot.autoconfigure.logging.ConditionEvaluationReportLoggingListener 

Error starting ApplicationContext. To display the conditions report re-run your application with 'debug' enabled.
[2022-06-23 15:00:57.344] [ERROR] [main] org.springframework.boot.diagnostics.LoggingFailureAnalysisReporter 

***************************
APPLICATION FAILED TO START
***************************

Description:

Failed to configure a DataSource: 'url' attribute is not specified and no embedded datasource could be configured.

Reason: Failed to determine a suitable driver class


Action:

Consider the following:
	If you want an embedded database (H2, HSQL or Derby), please put it on the classpath.
	If you have database settings to be loaded from a particular profile you may need to activate it (no profiles are currently active).

[2022-06-23 15:01:14.292] [INFO ] [background-preinit] org.hibernate.validator.internal.util.Version HV000001: Hibernate Validator 6.2.0.Final
[2022-06-23 15:01:14.292] [INFO ] [main] studio.thinkground.aroundhub.AroundHubSpringBootApplication Starting AroundHubSpringBootApplication using Java 11.0.14 on LAPTOP-SPCI7J6B with PID 16360 (D:\mywork\AroundHub_SpringBoot-query_dsl\target\classes started by User in D:\mywork\AroundHub_SpringBoot-query_dsl)
[2022-06-23 15:01:14.294] [INFO ] [main] studio.thinkground.aroundhub.AroundHubSpringBootApplication No active profile set, falling back to default profiles: default
[2022-06-23 15:01:14.941] [INFO ] [main] org.springframework.data.repository.config.RepositoryConfigurationDelegate Bootstrapping Spring Data JPA repositories in DEFAULT mode.
[2022-06-23 15:01:14.990] [INFO ] [main] org.springframework.data.repository.config.RepositoryConfigurationDelegate Finished Spring Data repository scanning in 45 ms. Found 3 JPA repository interfaces.
[2022-06-23 15:01:15.329] [INFO ] [main] org.springframework.boot.web.embedded.tomcat.TomcatWebServer Tomcat initialized with port(s): 8080 (http)
[2022-06-23 15:01:15.336] [INFO ] [main] org.apache.coyote.http11.Http11NioProtocol Initializing ProtocolHandler ["http-nio-8080"]
[2022-06-23 15:01:15.336] [INFO ] [main] org.apache.catalina.core.StandardService Starting service [Tomcat]
[2022-06-23 15:01:15.336] [INFO ] [main] org.apache.catalina.core.StandardEngine Starting Servlet engine: [Apache Tomcat/9.0.54]
[2022-06-23 15:01:15.416] [INFO ] [main] org.apache.catalina.core.ContainerBase.[Tomcat].[localhost].[/] Initializing Spring embedded WebApplicationContext
[2022-06-23 15:01:15.416] [INFO ] [main] org.springframework.boot.web.servlet.context.ServletWebServerApplicationContext Root WebApplicationContext: initialization completed in 1093 ms
[2022-06-23 15:01:15.456] [WARN ] [main] org.springframework.boot.web.servlet.context.AnnotationConfigServletWebServerApplicationContext Exception encountered during context initialization - cancelling refresh attempt: org.springframework.beans.factory.UnsatisfiedDependencyException: Error creating bean with name 'dataSourceScriptDatabaseInitializer' defined in class path resource [org/springframework/boot/autoconfigure/sql/init/DataSourceInitializationConfiguration.class]: Unsatisfied dependency expressed through method 'dataSourceScriptDatabaseInitializer' parameter 0; nested exception is org.springframework.beans.factory.BeanCreationException: Error creating bean with name 'dataSource' defined in class path resource [org/springframework/boot/autoconfigure/jdbc/DataSourceConfiguration$Hikari.class]: Bean instantiation via factory method failed; nested exception is org.springframework.beans.BeanInstantiationException: Failed to instantiate [com.zaxxer.hikari.HikariDataSource]: Factory method 'dataSource' threw exception; nested exception is org.springframework.boot.autoconfigure.jdbc.DataSourceProperties$DataSourceBeanCreationException: Failed to determine a suitable driver class
[2022-06-23 15:01:15.458] [INFO ] [main] org.apache.catalina.core.StandardService Stopping service [Tomcat]
[2022-06-23 15:01:15.489] [ERROR] [main] org.springframework.boot.diagnostics.LoggingFailureAnalysisReporter 

***************************
APPLICATION FAILED TO START
***************************

Description:

Failed to configure a DataSource: 'url' attribute is not specified and no embedded datasource could be configured.

Reason: Failed to determine a suitable driver class


Action:

Consider the following:
	If you want an embedded database (H2, HSQL or Derby), please put it on the classpath.
	If you have database settings to be loaded from a particular profile you may need to activate it (no profiles are currently active).

[2022-06-23 15:02:11.723] [INFO ] [background-preinit] org.hibernate.validator.internal.util.Version HV000001: Hibernate Validator 6.2.0.Final
[2022-06-23 15:02:11.722] [INFO ] [main] studio.thinkground.aroundhub.AroundHubSpringBootApplication Starting AroundHubSpringBootApplication using Java 11.0.14 on LAPTOP-SPCI7J6B with PID 3584 (D:\mywork\AroundHub_SpringBoot-query_dsl\target\classes started by User in D:\mywork\AroundHub_SpringBoot-query_dsl)
[2022-06-23 15:02:11.725] [INFO ] [main] studio.thinkground.aroundhub.AroundHubSpringBootApplication No active profile set, falling back to default profiles: default
[2022-06-23 15:02:12.318] [INFO ] [main] org.springframework.data.repository.config.RepositoryConfigurationDelegate Bootstrapping Spring Data JPA repositories in DEFAULT mode.
[2022-06-23 15:02:12.354] [INFO ] [main] org.springframework.data.repository.config.RepositoryConfigurationDelegate Finished Spring Data repository scanning in 33 ms. Found 3 JPA repository interfaces.
[2022-06-23 15:02:12.649] [INFO ] [main] org.springframework.boot.web.embedded.tomcat.TomcatWebServer Tomcat initialized with port(s): 8080 (http)
[2022-06-23 15:02:12.653] [INFO ] [main] org.apache.coyote.http11.Http11NioProtocol Initializing ProtocolHandler ["http-nio-8080"]
[2022-06-23 15:02:12.654] [INFO ] [main] org.apache.catalina.core.StandardService Starting service [Tomcat]
[2022-06-23 15:02:12.654] [INFO ] [main] org.apache.catalina.core.StandardEngine Starting Servlet engine: [Apache Tomcat/9.0.54]
[2022-06-23 15:02:12.720] [INFO ] [main] org.apache.catalina.core.ContainerBase.[Tomcat].[localhost].[/] Initializing Spring embedded WebApplicationContext
[2022-06-23 15:02:12.720] [INFO ] [main] org.springframework.boot.web.servlet.context.ServletWebServerApplicationContext Root WebApplicationContext: initialization completed in 970 ms
[2022-06-23 15:02:12.751] [WARN ] [main] org.springframework.boot.web.servlet.context.AnnotationConfigServletWebServerApplicationContext Exception encountered during context initialization - cancelling refresh attempt: org.springframework.beans.factory.UnsatisfiedDependencyException: Error creating bean with name 'dataSourceScriptDatabaseInitializer' defined in class path resource [org/springframework/boot/autoconfigure/sql/init/DataSourceInitializationConfiguration.class]: Unsatisfied dependency expressed through method 'dataSourceScriptDatabaseInitializer' parameter 0; nested exception is org.springframework.beans.factory.BeanCreationException: Error creating bean with name 'dataSource' defined in class path resource [org/springframework/boot/autoconfigure/jdbc/DataSourceConfiguration$Hikari.class]: Bean instantiation via factory method failed; nested exception is org.springframework.beans.BeanInstantiationException: Failed to instantiate [com.zaxxer.hikari.HikariDataSource]: Factory method 'dataSource' threw exception; nested exception is org.springframework.boot.autoconfigure.jdbc.DataSourceProperties$DataSourceBeanCreationException: Failed to determine a suitable driver class
[2022-06-23 15:02:12.752] [INFO ] [main] org.apache.catalina.core.StandardService Stopping service [Tomcat]
[2022-06-23 15:02:12.789] [ERROR] [main] org.springframework.boot.diagnostics.LoggingFailureAnalysisReporter 

***************************
APPLICATION FAILED TO START
***************************

Description:

Failed to configure a DataSource: 'url' attribute is not specified and no embedded datasource could be configured.

Reason: Failed to determine a suitable driver class


Action:

Consider the following:
	If you want an embedded database (H2, HSQL or Derby), please put it on the classpath.
	If you have database settings to be loaded from a particular profile you may need to activate it (no profiles are currently active).

[2022-06-23 15:03:55.819] [INFO ] [background-preinit] org.hibernate.validator.internal.util.Version HV000001: Hibernate Validator 6.2.0.Final
[2022-06-23 15:03:55.819] [INFO ] [main] studio.thinkground.aroundhub.AroundHubSpringBootApplication Starting AroundHubSpringBootApplication using Java 11.0.14 on LAPTOP-SPCI7J6B with PID 18536 (D:\mywork\AroundHub_SpringBoot-query_dsl\target\classes started by User in D:\mywork\AroundHub_SpringBoot-query_dsl)
[2022-06-23 15:03:55.821] [INFO ] [main] studio.thinkground.aroundhub.AroundHubSpringBootApplication No active profile set, falling back to default profiles: default
[2022-06-23 15:03:56.464] [INFO ] [main] org.springframework.data.repository.config.RepositoryConfigurationDelegate Bootstrapping Spring Data JPA repositories in DEFAULT mode.
[2022-06-23 15:03:56.501] [INFO ] [main] org.springframework.data.repository.config.RepositoryConfigurationDelegate Finished Spring Data repository scanning in 33 ms. Found 3 JPA repository interfaces.
[2022-06-23 15:03:56.789] [INFO ] [main] org.springframework.boot.web.embedded.tomcat.TomcatWebServer Tomcat initialized with port(s): 8080 (http)
[2022-06-23 15:03:56.794] [INFO ] [main] org.apache.coyote.http11.Http11NioProtocol Initializing ProtocolHandler ["http-nio-8080"]
[2022-06-23 15:03:56.795] [INFO ] [main] org.apache.catalina.core.StandardService Starting service [Tomcat]
[2022-06-23 15:03:56.795] [INFO ] [main] org.apache.catalina.core.StandardEngine Starting Servlet engine: [Apache Tomcat/9.0.54]
[2022-06-23 15:03:56.855] [INFO ] [main] org.apache.catalina.core.ContainerBase.[Tomcat].[localhost].[/] Initializing Spring embedded WebApplicationContext
[2022-06-23 15:03:56.856] [INFO ] [main] org.springframework.boot.web.servlet.context.ServletWebServerApplicationContext Root WebApplicationContext: initialization completed in 1000 ms
[2022-06-23 15:03:56.924] [INFO ] [main] org.hibernate.jpa.internal.util.LogHelper HHH000204: Processing PersistenceUnitInfo [name: default]
[2022-06-23 15:03:56.945] [INFO ] [main] org.hibernate.Version HHH000412: Hibernate ORM core version 5.4.32.Final
[2022-06-23 15:03:56.995] [INFO ] [main] org.hibernate.annotations.common.Version HCANN000001: Hibernate Commons Annotations {5.1.2.Final}
[2022-06-23 15:03:57.045] [INFO ] [main] com.zaxxer.hikari.HikariDataSource HikariPool-1 - Starting...
[2022-06-23 15:03:58.072] [ERROR] [main] com.zaxxer.hikari.pool.HikariPool HikariPool-1 - Exception during pool initialization.
java.sql.SQLSyntaxErrorException: Could not connect to address=(host=localhost)(port=3307)(type=master) : (conn=7) Unknown database 'around_hub_shop'
	at org.mariadb.jdbc.internal.util.exceptions.ExceptionFactory.createException(ExceptionFactory.java:62)
	at org.mariadb.jdbc.internal.util.exceptions.ExceptionFactory.create(ExceptionFactory.java:197)
	at org.mariadb.jdbc.internal.protocol.AbstractConnectProtocol.connectWithoutProxy(AbstractConnectProtocol.java:1394)
	at org.mariadb.jdbc.internal.util.Utils.retrieveProxy(Utils.java:635)
	at org.mariadb.jdbc.MariaDbConnection.newConnection(MariaDbConnection.java:150)
	at org.mariadb.jdbc.Driver.connect(Driver.java:89)
	at com.zaxxer.hikari.util.DriverDataSource.getConnection(DriverDataSource.java:138)
	at com.zaxxer.hikari.pool.PoolBase.newConnection(PoolBase.java:364)
	at com.zaxxer.hikari.pool.PoolBase.newPoolEntry(PoolBase.java:206)
	at com.zaxxer.hikari.pool.HikariPool.createPoolEntry(HikariPool.java:476)
	at com.zaxxer.hikari.pool.HikariPool.checkFailFast(HikariPool.java:561)
	at com.zaxxer.hikari.pool.HikariPool.<init>(HikariPool.java:115)
	at com.zaxxer.hikari.HikariDataSource.getConnection(HikariDataSource.java:112)
	at org.hibernate.engine.jdbc.connections.internal.DatasourceConnectionProviderImpl.getConnection(DatasourceConnectionProviderImpl.java:122)
	at org.hibernate.engine.jdbc.env.internal.JdbcEnvironmentInitiator$ConnectionProviderJdbcConnectionAccess.obtainConnection(JdbcEnvironmentInitiator.java:180)
	at org.hibernate.engine.jdbc.env.internal.JdbcEnvironmentInitiator.initiateService(JdbcEnvironmentInitiator.java:68)
	at org.hibernate.engine.jdbc.env.internal.JdbcEnvironmentInitiator.initiateService(JdbcEnvironmentInitiator.java:35)
	at org.hibernate.boot.registry.internal.StandardServiceRegistryImpl.initiateService(StandardServiceRegistryImpl.java:101)
	at org.hibernate.service.internal.AbstractServiceRegistryImpl.createService(AbstractServiceRegistryImpl.java:263)
	at org.hibernate.service.internal.AbstractServiceRegistryImpl.initializeService(AbstractServiceRegistryImpl.java:237)
	at org.hibernate.service.internal.AbstractServiceRegistryImpl.getService(AbstractServiceRegistryImpl.java:214)
	at org.hibernate.id.factory.internal.DefaultIdentifierGeneratorFactory.injectServices(DefaultIdentifierGeneratorFactory.java:152)
	at org.hibernate.service.internal.AbstractServiceRegistryImpl.injectDependencies(AbstractServiceRegistryImpl.java:286)
	at org.hibernate.service.internal.AbstractServiceRegistryImpl.initializeService(AbstractServiceRegistryImpl.java:243)
	at org.hibernate.service.internal.AbstractServiceRegistryImpl.getService(AbstractServiceRegistryImpl.java:214)
	at org.hibernate.boot.internal.InFlightMetadataCollectorImpl.<init>(InFlightMetadataCollectorImpl.java:176)
	at org.hibernate.boot.model.process.spi.MetadataBuildingProcess.complete(MetadataBuildingProcess.java:127)
	at org.hibernate.jpa.boot.internal.EntityManagerFactoryBuilderImpl.metadata(EntityManagerFactoryBuilderImpl.java:1224)
	at org.hibernate.jpa.boot.internal.EntityManagerFactoryBuilderImpl.build(EntityManagerFactoryBuilderImpl.java:1255)
	at org.springframework.orm.jpa.vendor.SpringHibernateJpaPersistenceProvider.createContainerEntityManagerFactory(SpringHibernateJpaPersistenceProvider.java:58)
	at org.springframework.orm.jpa.LocalContainerEntityManagerFactoryBean.createNativeEntityManagerFactory(LocalContainerEntityManagerFactoryBean.java:365)
	at org.springframework.orm.jpa.AbstractEntityManagerFactoryBean.buildNativeEntityManagerFactory(AbstractEntityManagerFactoryBean.java:409)
	at org.springframework.orm.jpa.AbstractEntityManagerFactoryBean.afterPropertiesSet(AbstractEntityManagerFactoryBean.java:396)
	at org.springframework.orm.jpa.LocalContainerEntityManagerFactoryBean.afterPropertiesSet(LocalContainerEntityManagerFactoryBean.java:341)
	at org.springframework.beans.factory.support.AbstractAutowireCapableBeanFactory.invokeInitMethods(AbstractAutowireCapableBeanFactory.java:1863)
	at org.springframework.beans.factory.support.AbstractAutowireCapableBeanFactory.initializeBean(AbstractAutowireCapableBeanFactory.java:1800)
	at org.springframework.beans.factory.support.AbstractAutowireCapableBeanFactory.doCreateBean(AbstractAutowireCapableBeanFactory.java:620)
	at org.springframework.beans.factory.support.AbstractAutowireCapableBeanFactory.createBean(AbstractAutowireCapableBeanFactory.java:542)
	at org.springframework.beans.factory.support.AbstractBeanFactory.lambda$doGetBean$0(AbstractBeanFactory.java:335)
	at org.springframework.beans.factory.support.DefaultSingletonBeanRegistry.getSingleton(DefaultSingletonBeanRegistry.java:234)
	at org.springframework.beans.factory.support.AbstractBeanFactory.doGetBean(AbstractBeanFactory.java:333)
	at org.springframework.beans.factory.support.AbstractBeanFactory.getBean(AbstractBeanFactory.java:208)
	at org.springframework.context.support.AbstractApplicationContext.getBean(AbstractApplicationContext.java:1154)
	at org.springframework.context.support.AbstractApplicationContext.finishBeanFactoryInitialization(AbstractApplicationContext.java:908)
	at org.springframework.context.support.AbstractApplicationContext.refresh(AbstractApplicationContext.java:583)
	at org.springframework.boot.web.servlet.context.ServletWebServerApplicationContext.refresh(ServletWebServerApplicationContext.java:145)
	at org.springframework.boot.SpringApplication.refresh(SpringApplication.java:754)
	at org.springframework.boot.SpringApplication.refreshContext(SpringApplication.java:434)
	at org.springframework.boot.SpringApplication.run(SpringApplication.java:338)
	at org.springframework.boot.SpringApplication.run(SpringApplication.java:1343)
	at org.springframework.boot.SpringApplication.run(SpringApplication.java:1332)
	at studio.thinkground.aroundhub.AroundHubSpringBootApplication.main(AroundHubSpringBootApplication.java:11)
Caused by: java.sql.SQLSyntaxErrorException: (conn=7) Unknown database 'around_hub_shop'
	at org.mariadb.jdbc.internal.util.exceptions.ExceptionFactory.createException(ExceptionFactory.java:62)
	at org.mariadb.jdbc.internal.util.exceptions.ExceptionFactory.create(ExceptionFactory.java:192)
	at org.mariadb.jdbc.internal.protocol.AbstractConnectProtocol.authenticationHandler(AbstractConnectProtocol.java:778)
	at org.mariadb.jdbc.internal.protocol.AbstractConnectProtocol.createConnection(AbstractConnectProtocol.java:555)
	at org.mariadb.jdbc.internal.protocol.AbstractConnectProtocol.connectWithoutProxy(AbstractConnectProtocol.java:1389)
	... 49 common frames omitted
[2022-06-23 15:03:58.074] [WARN ] [main] org.hibernate.engine.jdbc.env.internal.JdbcEnvironmentInitiator HHH000342: Could not obtain connection to query metadata
java.sql.SQLSyntaxErrorException: Could not connect to address=(host=localhost)(port=3307)(type=master) : (conn=7) Unknown database 'around_hub_shop'
	at org.mariadb.jdbc.internal.util.exceptions.ExceptionFactory.createException(ExceptionFactory.java:62)
	at org.mariadb.jdbc.internal.util.exceptions.ExceptionFactory.create(ExceptionFactory.java:197)
	at org.mariadb.jdbc.internal.protocol.AbstractConnectProtocol.connectWithoutProxy(AbstractConnectProtocol.java:1394)
	at org.mariadb.jdbc.internal.util.Utils.retrieveProxy(Utils.java:635)
	at org.mariadb.jdbc.MariaDbConnection.newConnection(MariaDbConnection.java:150)
	at org.mariadb.jdbc.Driver.connect(Driver.java:89)
	at com.zaxxer.hikari.util.DriverDataSource.getConnection(DriverDataSource.java:138)
	at com.zaxxer.hikari.pool.PoolBase.newConnection(PoolBase.java:364)
	at com.zaxxer.hikari.pool.PoolBase.newPoolEntry(PoolBase.java:206)
	at com.zaxxer.hikari.pool.HikariPool.createPoolEntry(HikariPool.java:476)
	at com.zaxxer.hikari.pool.HikariPool.checkFailFast(HikariPool.java:561)
	at com.zaxxer.hikari.pool.HikariPool.<init>(HikariPool.java:115)
	at com.zaxxer.hikari.HikariDataSource.getConnection(HikariDataSource.java:112)
	at org.hibernate.engine.jdbc.connections.internal.DatasourceConnectionProviderImpl.getConnection(DatasourceConnectionProviderImpl.java:122)
	at org.hibernate.engine.jdbc.env.internal.JdbcEnvironmentInitiator$ConnectionProviderJdbcConnectionAccess.obtainConnection(JdbcEnvironmentInitiator.java:180)
	at org.hibernate.engine.jdbc.env.internal.JdbcEnvironmentInitiator.initiateService(JdbcEnvironmentInitiator.java:68)
	at org.hibernate.engine.jdbc.env.internal.JdbcEnvironmentInitiator.initiateService(JdbcEnvironmentInitiator.java:35)
	at org.hibernate.boot.registry.internal.StandardServiceRegistryImpl.initiateService(StandardServiceRegistryImpl.java:101)
	at org.hibernate.service.internal.AbstractServiceRegistryImpl.createService(AbstractServiceRegistryImpl.java:263)
	at org.hibernate.service.internal.AbstractServiceRegistryImpl.initializeService(AbstractServiceRegistryImpl.java:237)
	at org.hibernate.service.internal.AbstractServiceRegistryImpl.getService(AbstractServiceRegistryImpl.java:214)
	at org.hibernate.id.factory.internal.DefaultIdentifierGeneratorFactory.injectServices(DefaultIdentifierGeneratorFactory.java:152)
	at org.hibernate.service.internal.AbstractServiceRegistryImpl.injectDependencies(AbstractServiceRegistryImpl.java:286)
	at org.hibernate.service.internal.AbstractServiceRegistryImpl.initializeService(AbstractServiceRegistryImpl.java:243)
	at org.hibernate.service.internal.AbstractServiceRegistryImpl.getService(AbstractServiceRegistryImpl.java:214)
	at org.hibernate.boot.internal.InFlightMetadataCollectorImpl.<init>(InFlightMetadataCollectorImpl.java:176)
	at org.hibernate.boot.model.process.spi.MetadataBuildingProcess.complete(MetadataBuildingProcess.java:127)
	at org.hibernate.jpa.boot.internal.EntityManagerFactoryBuilderImpl.metadata(EntityManagerFactoryBuilderImpl.java:1224)
	at org.hibernate.jpa.boot.internal.EntityManagerFactoryBuilderImpl.build(EntityManagerFactoryBuilderImpl.java:1255)
	at org.springframework.orm.jpa.vendor.SpringHibernateJpaPersistenceProvider.createContainerEntityManagerFactory(SpringHibernateJpaPersistenceProvider.java:58)
	at org.springframework.orm.jpa.LocalContainerEntityManagerFactoryBean.createNativeEntityManagerFactory(LocalContainerEntityManagerFactoryBean.java:365)
	at org.springframework.orm.jpa.AbstractEntityManagerFactoryBean.buildNativeEntityManagerFactory(AbstractEntityManagerFactoryBean.java:409)
	at org.springframework.orm.jpa.AbstractEntityManagerFactoryBean.afterPropertiesSet(AbstractEntityManagerFactoryBean.java:396)
	at org.springframework.orm.jpa.LocalContainerEntityManagerFactoryBean.afterPropertiesSet(LocalContainerEntityManagerFactoryBean.java:341)
	at org.springframework.beans.factory.support.AbstractAutowireCapableBeanFactory.invokeInitMethods(AbstractAutowireCapableBeanFactory.java:1863)
	at org.springframework.beans.factory.support.AbstractAutowireCapableBeanFactory.initializeBean(AbstractAutowireCapableBeanFactory.java:1800)
	at org.springframework.beans.factory.support.AbstractAutowireCapableBeanFactory.doCreateBean(AbstractAutowireCapableBeanFactory.java:620)
	at org.springframework.beans.factory.support.AbstractAutowireCapableBeanFactory.createBean(AbstractAutowireCapableBeanFactory.java:542)
	at org.springframework.beans.factory.support.AbstractBeanFactory.lambda$doGetBean$0(AbstractBeanFactory.java:335)
	at org.springframework.beans.factory.support.DefaultSingletonBeanRegistry.getSingleton(DefaultSingletonBeanRegistry.java:234)
	at org.springframework.beans.factory.support.AbstractBeanFactory.doGetBean(AbstractBeanFactory.java:333)
	at org.springframework.beans.factory.support.AbstractBeanFactory.getBean(AbstractBeanFactory.java:208)
	at org.springframework.context.support.AbstractApplicationContext.getBean(AbstractApplicationContext.java:1154)
	at org.springframework.context.support.AbstractApplicationContext.finishBeanFactoryInitialization(AbstractApplicationContext.java:908)
	at org.springframework.context.support.AbstractApplicationContext.refresh(AbstractApplicationContext.java:583)
	at org.springframework.boot.web.servlet.context.ServletWebServerApplicationContext.refresh(ServletWebServerApplicationContext.java:145)
	at org.springframework.boot.SpringApplication.refresh(SpringApplication.java:754)
	at org.springframework.boot.SpringApplication.refreshContext(SpringApplication.java:434)
	at org.springframework.boot.SpringApplication.run(SpringApplication.java:338)
	at org.springframework.boot.SpringApplication.run(SpringApplication.java:1343)
	at org.springframework.boot.SpringApplication.run(SpringApplication.java:1332)
	at studio.thinkground.aroundhub.AroundHubSpringBootApplication.main(AroundHubSpringBootApplication.java:11)
Caused by: java.sql.SQLSyntaxErrorException: (conn=7) Unknown database 'around_hub_shop'
	at org.mariadb.jdbc.internal.util.exceptions.ExceptionFactory.createException(ExceptionFactory.java:62)
	at org.mariadb.jdbc.internal.util.exceptions.ExceptionFactory.create(ExceptionFactory.java:192)
	at org.mariadb.jdbc.internal.protocol.AbstractConnectProtocol.authenticationHandler(AbstractConnectProtocol.java:778)
	at org.mariadb.jdbc.internal.protocol.AbstractConnectProtocol.createConnection(AbstractConnectProtocol.java:555)
	at org.mariadb.jdbc.internal.protocol.AbstractConnectProtocol.connectWithoutProxy(AbstractConnectProtocol.java:1389)
	... 49 common frames omitted
[2022-06-23 15:03:58.075] [ERROR] [main] org.springframework.orm.jpa.LocalContainerEntityManagerFactoryBean Failed to initialize JPA EntityManagerFactory: Unable to create requested service [org.hibernate.engine.jdbc.env.spi.JdbcEnvironment]
[2022-06-23 15:03:58.075] [WARN ] [main] org.springframework.boot.web.servlet.context.AnnotationConfigServletWebServerApplicationContext Exception encountered during context initialization - cancelling refresh attempt: org.springframework.beans.factory.BeanCreationException: Error creating bean with name 'entityManagerFactory' defined in class path resource [org/springframework/boot/autoconfigure/orm/jpa/HibernateJpaConfiguration.class]: Invocation of init method failed; nested exception is org.hibernate.service.spi.ServiceException: Unable to create requested service [org.hibernate.engine.jdbc.env.spi.JdbcEnvironment]
[2022-06-23 15:03:58.077] [INFO ] [main] org.apache.catalina.core.StandardService Stopping service [Tomcat]
[2022-06-23 15:03:58.102] [ERROR] [main] org.springframework.boot.SpringApplication Application run failed
org.springframework.beans.factory.BeanCreationException: Error creating bean with name 'entityManagerFactory' defined in class path resource [org/springframework/boot/autoconfigure/orm/jpa/HibernateJpaConfiguration.class]: Invocation of init method failed; nested exception is org.hibernate.service.spi.ServiceException: Unable to create requested service [org.hibernate.engine.jdbc.env.spi.JdbcEnvironment]
	at org.springframework.beans.factory.support.AbstractAutowireCapableBeanFactory.initializeBean(AbstractAutowireCapableBeanFactory.java:1804)
	at org.springframework.beans.factory.support.AbstractAutowireCapableBeanFactory.doCreateBean(AbstractAutowireCapableBeanFactory.java:620)
	at org.springframework.beans.factory.support.AbstractAutowireCapableBeanFactory.createBean(AbstractAutowireCapableBeanFactory.java:542)
	at org.springframework.beans.factory.support.AbstractBeanFactory.lambda$doGetBean$0(AbstractBeanFactory.java:335)
	at org.springframework.beans.factory.support.DefaultSingletonBeanRegistry.getSingleton(DefaultSingletonBeanRegistry.java:234)
	at org.springframework.beans.factory.support.AbstractBeanFactory.doGetBean(AbstractBeanFactory.java:333)
	at org.springframework.beans.factory.support.AbstractBeanFactory.getBean(AbstractBeanFactory.java:208)
	at org.springframework.context.support.AbstractApplicationContext.getBean(AbstractApplicationContext.java:1154)
	at org.springframework.context.support.AbstractApplicationContext.finishBeanFactoryInitialization(AbstractApplicationContext.java:908)
	at org.springframework.context.support.AbstractApplicationContext.refresh(AbstractApplicationContext.java:583)
	at org.springframework.boot.web.servlet.context.ServletWebServerApplicationContext.refresh(ServletWebServerApplicationContext.java:145)
	at org.springframework.boot.SpringApplication.refresh(SpringApplication.java:754)
	at org.springframework.boot.SpringApplication.refreshContext(SpringApplication.java:434)
	at org.springframework.boot.SpringApplication.run(SpringApplication.java:338)
	at org.springframework.boot.SpringApplication.run(SpringApplication.java:1343)
	at org.springframework.boot.SpringApplication.run(SpringApplication.java:1332)
	at studio.thinkground.aroundhub.AroundHubSpringBootApplication.main(AroundHubSpringBootApplication.java:11)
Caused by: org.hibernate.service.spi.ServiceException: Unable to create requested service [org.hibernate.engine.jdbc.env.spi.JdbcEnvironment]
	at org.hibernate.service.internal.AbstractServiceRegistryImpl.createService(AbstractServiceRegistryImpl.java:275)
	at org.hibernate.service.internal.AbstractServiceRegistryImpl.initializeService(AbstractServiceRegistryImpl.java:237)
	at org.hibernate.service.internal.AbstractServiceRegistryImpl.getService(AbstractServiceRegistryImpl.java:214)
	at org.hibernate.id.factory.internal.DefaultIdentifierGeneratorFactory.injectServices(DefaultIdentifierGeneratorFactory.java:152)
	at org.hibernate.service.internal.AbstractServiceRegistryImpl.injectDependencies(AbstractServiceRegistryImpl.java:286)
	at org.hibernate.service.internal.AbstractServiceRegistryImpl.initializeService(AbstractServiceRegistryImpl.java:243)
	at org.hibernate.service.internal.AbstractServiceRegistryImpl.getService(AbstractServiceRegistryImpl.java:214)
	at org.hibernate.boot.internal.InFlightMetadataCollectorImpl.<init>(InFlightMetadataCollectorImpl.java:176)
	at org.hibernate.boot.model.process.spi.MetadataBuildingProcess.complete(MetadataBuildingProcess.java:127)
	at org.hibernate.jpa.boot.internal.EntityManagerFactoryBuilderImpl.metadata(EntityManagerFactoryBuilderImpl.java:1224)
	at org.hibernate.jpa.boot.internal.EntityManagerFactoryBuilderImpl.build(EntityManagerFactoryBuilderImpl.java:1255)
	at org.springframework.orm.jpa.vendor.SpringHibernateJpaPersistenceProvider.createContainerEntityManagerFactory(SpringHibernateJpaPersistenceProvider.java:58)
	at org.springframework.orm.jpa.LocalContainerEntityManagerFactoryBean.createNativeEntityManagerFactory(LocalContainerEntityManagerFactoryBean.java:365)
	at org.springframework.orm.jpa.AbstractEntityManagerFactoryBean.buildNativeEntityManagerFactory(AbstractEntityManagerFactoryBean.java:409)
	at org.springframework.orm.jpa.AbstractEntityManagerFactoryBean.afterPropertiesSet(AbstractEntityManagerFactoryBean.java:396)
	at org.springframework.orm.jpa.LocalContainerEntityManagerFactoryBean.afterPropertiesSet(LocalContainerEntityManagerFactoryBean.java:341)
	at org.springframework.beans.factory.support.AbstractAutowireCapableBeanFactory.invokeInitMethods(AbstractAutowireCapableBeanFactory.java:1863)
	at org.springframework.beans.factory.support.AbstractAutowireCapableBeanFactory.initializeBean(AbstractAutowireCapableBeanFactory.java:1800)
	... 16 common frames omitted
Caused by: org.hibernate.HibernateException: Access to DialectResolutionInfo cannot be null when 'hibernate.dialect' not set
	at org.hibernate.engine.jdbc.dialect.internal.DialectFactoryImpl.determineDialect(DialectFactoryImpl.java:100)
	at org.hibernate.engine.jdbc.dialect.internal.DialectFactoryImpl.buildDialect(DialectFactoryImpl.java:54)
	at org.hibernate.engine.jdbc.env.internal.JdbcEnvironmentInitiator.initiateService(JdbcEnvironmentInitiator.java:137)
	at org.hibernate.engine.jdbc.env.internal.JdbcEnvironmentInitiator.initiateService(JdbcEnvironmentInitiator.java:35)
	at org.hibernate.boot.registry.internal.StandardServiceRegistryImpl.initiateService(StandardServiceRegistryImpl.java:101)
	at org.hibernate.service.internal.AbstractServiceRegistryImpl.createService(AbstractServiceRegistryImpl.java:263)
	... 33 common frames omitted
[2022-06-23 15:06:02.256] [INFO ] [main] studio.thinkground.aroundhub.AroundHubSpringBootApplication Starting AroundHubSpringBootApplication using Java 11.0.14 on LAPTOP-SPCI7J6B with PID 17484 (D:\mywork\AroundHub_SpringBoot-query_dsl\target\classes started by User in D:\mywork\AroundHub_SpringBoot-query_dsl)
[2022-06-23 15:06:02.257] [INFO ] [background-preinit] org.hibernate.validator.internal.util.Version HV000001: Hibernate Validator 6.2.0.Final
[2022-06-23 15:06:02.259] [INFO ] [main] studio.thinkground.aroundhub.AroundHubSpringBootApplication No active profile set, falling back to default profiles: default
[2022-06-23 15:06:02.940] [INFO ] [main] org.springframework.data.repository.config.RepositoryConfigurationDelegate Bootstrapping Spring Data JPA repositories in DEFAULT mode.
[2022-06-23 15:06:02.981] [INFO ] [main] org.springframework.data.repository.config.RepositoryConfigurationDelegate Finished Spring Data repository scanning in 38 ms. Found 3 JPA repository interfaces.
[2022-06-23 15:06:03.348] [INFO ] [main] org.springframework.boot.web.embedded.tomcat.TomcatWebServer Tomcat initialized with port(s): 8080 (http)
[2022-06-23 15:06:03.353] [INFO ] [main] org.apache.coyote.http11.Http11NioProtocol Initializing ProtocolHandler ["http-nio-8080"]
[2022-06-23 15:06:03.353] [INFO ] [main] org.apache.catalina.core.StandardService Starting service [Tomcat]
[2022-06-23 15:06:03.353] [INFO ] [main] org.apache.catalina.core.StandardEngine Starting Servlet engine: [Apache Tomcat/9.0.54]
[2022-06-23 15:06:03.431] [INFO ] [main] org.apache.catalina.core.ContainerBase.[Tomcat].[localhost].[/] Initializing Spring embedded WebApplicationContext
[2022-06-23 15:06:03.431] [INFO ] [main] org.springframework.boot.web.servlet.context.ServletWebServerApplicationContext Root WebApplicationContext: initialization completed in 1144 ms
[2022-06-23 15:06:03.500] [INFO ] [main] org.hibernate.jpa.internal.util.LogHelper HHH000204: Processing PersistenceUnitInfo [name: default]
[2022-06-23 15:06:03.520] [INFO ] [main] org.hibernate.Version HHH000412: Hibernate ORM core version 5.4.32.Final
[2022-06-23 15:06:03.585] [INFO ] [main] org.hibernate.annotations.common.Version HCANN000001: Hibernate Commons Annotations {5.1.2.Final}
[2022-06-23 15:06:03.661] [INFO ] [main] com.zaxxer.hikari.HikariDataSource HikariPool-1 - Starting...
[2022-06-23 15:06:03.693] [INFO ] [main] com.zaxxer.hikari.HikariDataSource HikariPool-1 - Start completed.
[2022-06-23 15:06:03.711] [INFO ] [main] org.hibernate.dialect.Dialect HHH000400: Using dialect: org.hibernate.dialect.MariaDB103Dialect
[2022-06-23 15:06:04.374] [INFO ] [main] org.hibernate.engine.transaction.jta.platform.internal.JtaPlatformInitiator HHH000490: Using JtaPlatform implementation: [org.hibernate.engine.transaction.jta.platform.internal.NoJtaPlatform]
[2022-06-23 15:06:04.379] [INFO ] [main] org.springframework.orm.jpa.LocalContainerEntityManagerFactoryBean Initialized JPA EntityManagerFactory for persistence unit 'default'
[2022-06-23 15:06:04.824] [WARN ] [main] org.springframework.boot.autoconfigure.orm.jpa.JpaBaseConfiguration$JpaWebConfiguration spring.jpa.open-in-view is enabled by default. Therefore, database queries may be performed during view rendering. Explicitly configure spring.jpa.open-in-view to disable this warning
[2022-06-23 15:06:04.920] [INFO ] [main] springfox.documentation.spring.web.PropertySourcedRequestMappingHandlerMapping Mapped URL path [/v2/api-docs] onto method [springfox.documentation.swagger2.web.Swagger2Controller#getDocumentation(String, HttpServletRequest)]
[2022-06-23 15:06:05.138] [INFO ] [main] org.apache.coyote.http11.Http11NioProtocol Starting ProtocolHandler ["http-nio-8080"]
[2022-06-23 15:06:05.142] [WARN ] [main] org.springframework.boot.web.servlet.context.AnnotationConfigServletWebServerApplicationContext Exception encountered during context initialization - cancelling refresh attempt: org.springframework.context.ApplicationContextException: Failed to start bean 'webServerStartStop'; nested exception is org.springframework.boot.web.server.PortInUseException: Port 8080 is already in use
[2022-06-23 15:06:05.145] [INFO ] [main] org.springframework.orm.jpa.LocalContainerEntityManagerFactoryBean Closing JPA EntityManagerFactory for persistence unit 'default'
[2022-06-23 15:06:05.146] [INFO ] [main] com.zaxxer.hikari.HikariDataSource HikariPool-1 - Shutdown initiated...
[2022-06-23 15:06:05.156] [INFO ] [main] com.zaxxer.hikari.HikariDataSource HikariPool-1 - Shutdown completed.
[2022-06-23 15:06:05.157] [INFO ] [main] org.apache.coyote.http11.Http11NioProtocol Pausing ProtocolHandler ["http-nio-8080"]
[2022-06-23 15:06:05.157] [INFO ] [main] org.apache.catalina.core.StandardService Stopping service [Tomcat]
[2022-06-23 15:06:05.159] [INFO ] [main] org.apache.coyote.http11.Http11NioProtocol Stopping ProtocolHandler ["http-nio-8080"]
[2022-06-23 15:06:05.159] [INFO ] [main] org.apache.coyote.http11.Http11NioProtocol Destroying ProtocolHandler ["http-nio-8080"]
[2022-06-23 15:06:05.180] [ERROR] [main] org.springframework.boot.diagnostics.LoggingFailureAnalysisReporter 

***************************
APPLICATION FAILED TO START
***************************

Description:

Web server failed to start. Port 8080 was already in use.

Action:

Identify and stop the process that's listening on port 8080 or configure this application to listen on another port.

[2022-06-23 15:06:30.202] [INFO ] [background-preinit] org.hibernate.validator.internal.util.Version HV000001: Hibernate Validator 6.2.0.Final
[2022-06-23 15:06:30.202] [INFO ] [main] studio.thinkground.aroundhub.AroundHubSpringBootApplication Starting AroundHubSpringBootApplication using Java 11.0.14 on LAPTOP-SPCI7J6B with PID 14264 (D:\mywork\AroundHub_SpringBoot-query_dsl\target\classes started by User in D:\mywork\AroundHub_SpringBoot-query_dsl)
[2022-06-23 15:06:30.204] [INFO ] [main] studio.thinkground.aroundhub.AroundHubSpringBootApplication No active profile set, falling back to default profiles: default
[2022-06-23 15:06:30.817] [INFO ] [main] org.springframework.data.repository.config.RepositoryConfigurationDelegate Bootstrapping Spring Data JPA repositories in DEFAULT mode.
[2022-06-23 15:06:30.859] [INFO ] [main] org.springframework.data.repository.config.RepositoryConfigurationDelegate Finished Spring Data repository scanning in 37 ms. Found 3 JPA repository interfaces.
[2022-06-23 15:06:31.217] [INFO ] [main] org.springframework.boot.web.embedded.tomcat.TomcatWebServer Tomcat initialized with port(s): 8083 (http)
[2022-06-23 15:06:31.222] [INFO ] [main] org.apache.coyote.http11.Http11NioProtocol Initializing ProtocolHandler ["http-nio-8083"]
[2022-06-23 15:06:31.222] [INFO ] [main] org.apache.catalina.core.StandardService Starting service [Tomcat]
[2022-06-23 15:06:31.222] [INFO ] [main] org.apache.catalina.core.StandardEngine Starting Servlet engine: [Apache Tomcat/9.0.54]
[2022-06-23 15:06:31.300] [INFO ] [main] org.apache.catalina.core.ContainerBase.[Tomcat].[localhost].[/] Initializing Spring embedded WebApplicationContext
[2022-06-23 15:06:31.300] [INFO ] [main] org.springframework.boot.web.servlet.context.ServletWebServerApplicationContext Root WebApplicationContext: initialization completed in 1069 ms
[2022-06-23 15:06:31.375] [INFO ] [main] org.hibernate.jpa.internal.util.LogHelper HHH000204: Processing PersistenceUnitInfo [name: default]
[2022-06-23 15:06:31.398] [INFO ] [main] org.hibernate.Version HHH000412: Hibernate ORM core version 5.4.32.Final
[2022-06-23 15:06:31.461] [INFO ] [main] org.hibernate.annotations.common.Version HCANN000001: Hibernate Commons Annotations {5.1.2.Final}
[2022-06-23 15:06:31.529] [INFO ] [main] com.zaxxer.hikari.HikariDataSource HikariPool-1 - Starting...
[2022-06-23 15:06:31.573] [INFO ] [main] com.zaxxer.hikari.HikariDataSource HikariPool-1 - Start completed.
[2022-06-23 15:06:31.584] [INFO ] [main] org.hibernate.dialect.Dialect HHH000400: Using dialect: org.hibernate.dialect.MariaDB103Dialect
[2022-06-23 15:06:32.226] [INFO ] [main] org.hibernate.engine.transaction.jta.platform.internal.JtaPlatformInitiator HHH000490: Using JtaPlatform implementation: [org.hibernate.engine.transaction.jta.platform.internal.NoJtaPlatform]
[2022-06-23 15:06:32.231] [INFO ] [main] org.springframework.orm.jpa.LocalContainerEntityManagerFactoryBean Initialized JPA EntityManagerFactory for persistence unit 'default'
[2022-06-23 15:06:32.651] [WARN ] [main] org.springframework.boot.autoconfigure.orm.jpa.JpaBaseConfiguration$JpaWebConfiguration spring.jpa.open-in-view is enabled by default. Therefore, database queries may be performed during view rendering. Explicitly configure spring.jpa.open-in-view to disable this warning
[2022-06-23 15:06:32.845] [INFO ] [main] springfox.documentation.spring.web.PropertySourcedRequestMappingHandlerMapping Mapped URL path [/v2/api-docs] onto method [springfox.documentation.swagger2.web.Swagger2Controller#getDocumentation(String, HttpServletRequest)]
[2022-06-23 15:06:33.044] [INFO ] [main] org.apache.coyote.http11.Http11NioProtocol Starting ProtocolHandler ["http-nio-8083"]
[2022-06-23 15:06:33.057] [INFO ] [main] org.springframework.boot.web.embedded.tomcat.TomcatWebServer Tomcat started on port(s): 8083 (http) with context path ''
[2022-06-23 15:06:33.058] [INFO ] [main] springfox.documentation.spring.web.plugins.DocumentationPluginsBootstrapper Context refreshed
[2022-06-23 15:06:33.067] [INFO ] [main] springfox.documentation.spring.web.plugins.DocumentationPluginsBootstrapper Found 1 custom documentation plugin(s)
[2022-06-23 15:06:33.084] [INFO ] [main] springfox.documentation.spring.web.scanners.ApiListingReferenceScanner Scanning for api listing references
[2022-06-23 15:06:33.183] [INFO ] [main] springfox.documentation.spring.web.readers.operation.CachingOperationNameGenerator Generating unique operation named: exceptionTestUsingPOST_1
[2022-06-23 15:06:33.190] [INFO ] [main] springfox.documentation.spring.web.readers.operation.CachingOperationNameGenerator Generating unique operation named: getNameUsingGET_1
[2022-06-23 15:06:33.247] [INFO ] [main] studio.thinkground.aroundhub.AroundHubSpringBootApplication Started AroundHubSpringBootApplication in 3.357 seconds (JVM running for 4.114)
[2022-06-23 15:06:45.682] [INFO ] [http-nio-8083-exec-1] org.apache.catalina.core.ContainerBase.[Tomcat].[localhost].[/] Initializing Spring DispatcherServlet 'dispatcherServlet'
[2022-06-23 15:06:45.683] [INFO ] [http-nio-8083-exec-1] org.springframework.web.servlet.DispatcherServlet Initializing Servlet 'dispatcherServlet'
[2022-06-23 15:06:45.684] [INFO ] [http-nio-8083-exec-1] org.springframework.web.servlet.DispatcherServlet Completed initialization in 1 ms
[2022-06-23 15:11:20.051] [ERROR] [http-nio-8083-exec-10] studio.thinkground.aroundhub.common.exception.AroundHubExceptionHandler Advice 내 ExceptionHandler 호출, null, Request method 'GET' not supported
[2022-06-23 15:14:10.251] [ERROR] [http-nio-8083-exec-3] studio.thinkground.aroundhub.common.exception.AroundHubExceptionHandler Advice 내 ExceptionHandler 호출, null, Required request body is missing: public java.lang.String studio.thinkground.aroundhub.controller.PostController.postMember(java.util.Map<java.lang.String, java.lang.Object>)
[2022-06-23 15:31:07.727] [ERROR] [http-nio-8083-exec-5] studio.thinkground.aroundhub.common.exception.AroundHubExceptionHandler Advice 내 ExceptionHandler 호출, com.fasterxml.jackson.core.JsonParseException: Unexpected character ('"' (code 34)): was expecting comma to separate Object entries
 at [Source: (PushbackInputStream); line: 3, column: 4], JSON parse error: Unexpected character ('"' (code 34)): was expecting comma to separate Object entries; nested exception is com.fasterxml.jackson.core.JsonParseException: Unexpected character ('"' (code 34)): was expecting comma to separate Object entries
 at [Source: (PushbackInputStream); line: 3, column: 4]
[2022-06-23 15:31:09.347] [ERROR] [http-nio-8083-exec-1] studio.thinkground.aroundhub.common.exception.AroundHubExceptionHandler Advice 내 ExceptionHandler 호출, com.fasterxml.jackson.core.JsonParseException: Unexpected character ('"' (code 34)): was expecting comma to separate Object entries
 at [Source: (PushbackInputStream); line: 3, column: 4], JSON parse error: Unexpected character ('"' (code 34)): was expecting comma to separate Object entries; nested exception is com.fasterxml.jackson.core.JsonParseException: Unexpected character ('"' (code 34)): was expecting comma to separate Object entries
 at [Source: (PushbackInputStream); line: 3, column: 4]
[2022-06-23 15:51:47.683] [ERROR] [http-nio-8083-exec-9] studio.thinkground.aroundhub.common.exception.AroundHubExceptionHandler Advice 내 ExceptionHandler 호출, com.fasterxml.jackson.core.JsonParseException: Unexpected character ('"' (code 34)): was expecting comma to separate Object entries
 at [Source: (PushbackInputStream); line: 3, column: 4], JSON parse error: Unexpected character ('"' (code 34)): was expecting comma to separate Object entries; nested exception is com.fasterxml.jackson.core.JsonParseException: Unexpected character ('"' (code 34)): was expecting comma to separate Object entries
 at [Source: (PushbackInputStream); line: 3, column: 4]
[2022-06-23 15:51:48.820] [ERROR] [http-nio-8083-exec-10] studio.thinkground.aroundhub.common.exception.AroundHubExceptionHandler Advice 내 ExceptionHandler 호출, com.fasterxml.jackson.core.JsonParseException: Unexpected character ('"' (code 34)): was expecting comma to separate Object entries
 at [Source: (PushbackInputStream); line: 3, column: 4], JSON parse error: Unexpected character ('"' (code 34)): was expecting comma to separate Object entries; nested exception is com.fasterxml.jackson.core.JsonParseException: Unexpected character ('"' (code 34)): was expecting comma to separate Object entries
 at [Source: (PushbackInputStream); line: 3, column: 4]
[2022-06-23 16:28:51.607] [ERROR] [http-nio-8083-exec-3] studio.thinkground.aroundhub.common.exception.AroundHubExceptionHandler Advice 내 ExceptionHandler 호출, null, Validation failed for argument [0] in public org.springframework.http.ResponseEntity<studio.thinkground.aroundhub.data.dto.ProductDto> studio.thinkground.aroundhub.controller.ProductController.createProduct(studio.thinkground.aroundhub.data.dto.ProductDto): [Field error in object 'productDto' on field 'productPrice': rejected value [11]; codes [Min.productDto.productPrice,Min.productPrice,Min.int,Min]; arguments [org.springframework.context.support.DefaultMessageSourceResolvable: codes [productDto.productPrice,productPrice]; arguments []; default message [productPrice],500]; default message [500 이상이어야 합니다]] 
[2022-06-23 16:28:58.412] [ERROR] [http-nio-8083-exec-8] studio.thinkground.aroundhub.common.exception.AroundHubExceptionHandler Advice 내 ExceptionHandler 호출, null, Validation failed for argument [0] in public org.springframework.http.ResponseEntity<studio.thinkground.aroundhub.data.dto.ProductDto> studio.thinkground.aroundhub.controller.ProductController.createProduct(studio.thinkground.aroundhub.data.dto.ProductDto): [Field error in object 'productDto' on field 'productPrice': rejected value [11]; codes [Min.productDto.productPrice,Min.productPrice,Min.int,Min]; arguments [org.springframework.context.support.DefaultMessageSourceResolvable: codes [productDto.productPrice,productPrice]; arguments []; default message [productPrice],500]; default message [500 이상이어야 합니다]] 
[2022-06-23 16:29:47.244] [INFO ] [http-nio-8083-exec-5] studio.thinkground.aroundhub.controller.ProductController [createProduct] perform createProduct of Around Hub API.
[2022-06-23 16:29:47.245] [INFO ] [http-nio-8083-exec-5] studio.thinkground.aroundhub.service.impl.ProductServiceImpl [saveProduct] productDataHandler 로 상품 정보 저장 요청
[2022-06-23 16:29:47.260] [INFO ] [http-nio-8083-exec-5] studio.thinkground.aroundhub.data.handler.impl.ProductDataHandlerImpl [saveProductEntity] productDAO로 Product 정보 저장 요청. productId : 123
[2022-06-23 16:29:47.260] [INFO ] [http-nio-8083-exec-5] studio.thinkground.aroundhub.data.dao.impl.ProductDAOImpl [saveProduct] product 정보 저장. productId : 123
[2022-06-23 16:29:47.312] [INFO ] [http-nio-8083-exec-5] studio.thinkground.aroundhub.data.dao.impl.ProductDAOImpl [saveProduct] product 정보 저장완료. productId : 123
[2022-06-23 16:29:47.335] [INFO ] [http-nio-8083-exec-5] studio.thinkground.aroundhub.service.impl.ProductServiceImpl [saveProduct] Entity 객체를 DTO 객체로 변환 작업. productId : 123
[2022-06-23 16:29:47.335] [INFO ] [http-nio-8083-exec-5] studio.thinkground.aroundhub.controller.ProductController [createProduct] Response >> productId : 123, productName : dobin, productPrice : 1111, productStock : 1111
[2022-06-23 18:30:55.345] [INFO ] [http-nio-8083-exec-1] studio.thinkground.aroundhub.controller.ProductController [getProduct] perform getProduct of Around Hub API.
[2022-06-23 18:30:55.345] [INFO ] [http-nio-8083-exec-1] studio.thinkground.aroundhub.service.impl.ProductServiceImpl [getProduct] productDataHandler 로 상품 정보 조회 요청
[2022-06-23 18:30:55.349] [INFO ] [http-nio-8083-exec-1] studio.thinkground.aroundhub.data.handler.impl.ProductDataHandlerImpl [saveProductEntity] productDAO로 Product 정보 요청. productId : 111
[2022-06-23 18:30:55.349] [INFO ] [http-nio-8083-exec-1] studio.thinkground.aroundhub.data.dao.impl.ProductDAOImpl [getProduct] product 정보 요청. productId : 111
[2022-06-23 18:30:55.371] [INFO ] [http-nio-8083-exec-1] studio.thinkground.aroundhub.data.dao.impl.ProductDAOImpl [getProduct] product 정보 요청 완료. productId : 111
[2022-06-23 18:30:55.372] [INFO ] [http-nio-8083-exec-1] studio.thinkground.aroundhub.service.impl.ProductServiceImpl [getProduct] Entity 객체를 DTO 객체로 변환 작업. productId : 111
[2022-06-23 18:30:55.381] [ERROR] [http-nio-8083-exec-1] studio.thinkground.aroundhub.common.exception.AroundHubExceptionHandler Advice 내 ExceptionHandler 호출, null, Unable to find studio.thinkground.aroundhub.data.entity.Product with id 111
[2022-06-23 18:31:06.091] [INFO ] [http-nio-8083-exec-6] studio.thinkground.aroundhub.controller.ProductController [getProduct] perform getProduct of Around Hub API.
[2022-06-23 18:31:06.091] [INFO ] [http-nio-8083-exec-6] studio.thinkground.aroundhub.service.impl.ProductServiceImpl [getProduct] productDataHandler 로 상품 정보 조회 요청
[2022-06-23 18:31:06.092] [INFO ] [http-nio-8083-exec-6] studio.thinkground.aroundhub.data.handler.impl.ProductDataHandlerImpl [saveProductEntity] productDAO로 Product 정보 요청. productId : 아아아
[2022-06-23 18:31:06.092] [INFO ] [http-nio-8083-exec-6] studio.thinkground.aroundhub.data.dao.impl.ProductDAOImpl [getProduct] product 정보 요청. productId : 아아아
[2022-06-23 18:31:06.093] [INFO ] [http-nio-8083-exec-6] studio.thinkground.aroundhub.data.dao.impl.ProductDAOImpl [getProduct] product 정보 요청 완료. productId : 아아아
[2022-06-23 18:31:06.094] [INFO ] [http-nio-8083-exec-6] studio.thinkground.aroundhub.service.impl.ProductServiceImpl [getProduct] Entity 객체를 DTO 객체로 변환 작업. productId : 아아아
[2022-06-23 18:31:06.094] [ERROR] [http-nio-8083-exec-6] studio.thinkground.aroundhub.common.exception.AroundHubExceptionHandler Advice 내 ExceptionHandler 호출, null, Unable to find studio.thinkground.aroundhub.data.entity.Product with id 아아아
[2022-06-23 18:31:28.556] [INFO ] [http-nio-8083-exec-9] studio.thinkground.aroundhub.controller.ProductController [getProduct] perform getProduct of Around Hub API.
[2022-06-23 18:31:28.556] [INFO ] [http-nio-8083-exec-9] studio.thinkground.aroundhub.service.impl.ProductServiceImpl [getProduct] productDataHandler 로 상품 정보 조회 요청
[2022-06-23 18:31:28.558] [INFO ] [http-nio-8083-exec-9] studio.thinkground.aroundhub.data.handler.impl.ProductDataHandlerImpl [saveProductEntity] productDAO로 Product 정보 요청. productId : around-hub-book
[2022-06-23 18:31:28.559] [INFO ] [http-nio-8083-exec-9] studio.thinkground.aroundhub.data.dao.impl.ProductDAOImpl [getProduct] product 정보 요청. productId : around-hub-book
[2022-06-23 18:31:28.559] [INFO ] [http-nio-8083-exec-9] studio.thinkground.aroundhub.data.dao.impl.ProductDAOImpl [getProduct] product 정보 요청 완료. productId : around-hub-book
[2022-06-23 18:31:28.559] [INFO ] [http-nio-8083-exec-9] studio.thinkground.aroundhub.service.impl.ProductServiceImpl [getProduct] Entity 객체를 DTO 객체로 변환 작업. productId : around-hub-book
[2022-06-23 18:31:28.561] [ERROR] [http-nio-8083-exec-9] studio.thinkground.aroundhub.common.exception.AroundHubExceptionHandler Advice 내 ExceptionHandler 호출, null, Unable to find studio.thinkground.aroundhub.data.entity.Product with id around-hub-book
[2022-06-23 18:31:57.278] [INFO ] [http-nio-8083-exec-10] studio.thinkground.aroundhub.controller.ProductController [getProduct] perform getProduct of Around Hub API.
[2022-06-23 18:31:57.278] [INFO ] [http-nio-8083-exec-10] studio.thinkground.aroundhub.service.impl.ProductServiceImpl [getProduct] productDataHandler 로 상품 정보 조회 요청
[2022-06-23 18:31:57.279] [INFO ] [http-nio-8083-exec-10] studio.thinkground.aroundhub.data.handler.impl.ProductDataHandlerImpl [saveProductEntity] productDAO로 Product 정보 요청. productId : 123
[2022-06-23 18:31:57.279] [INFO ] [http-nio-8083-exec-10] studio.thinkground.aroundhub.data.dao.impl.ProductDAOImpl [getProduct] product 정보 요청. productId : 123
[2022-06-23 18:31:57.279] [INFO ] [http-nio-8083-exec-10] studio.thinkground.aroundhub.data.dao.impl.ProductDAOImpl [getProduct] product 정보 요청 완료. productId : 123
[2022-06-23 18:31:57.279] [INFO ] [http-nio-8083-exec-10] studio.thinkground.aroundhub.service.impl.ProductServiceImpl [getProduct] Entity 객체를 DTO 객체로 변환 작업. productId : 123
[2022-06-23 18:31:57.291] [INFO ] [http-nio-8083-exec-10] studio.thinkground.aroundhub.controller.ProductController [getProduct] Response :: productId = 123, productName = dobin, productPrice = 1111, productStock = 1111, Response Time = 13ms
[2022-06-23 19:06:45.659] [ERROR] [http-nio-8083-exec-4] studio.thinkground.aroundhub.common.exception.AroundHubExceptionHandler Advice 내 ExceptionHandler 호출, null, Validation failed for argument [0] in public org.springframework.http.ResponseEntity<studio.thinkground.aroundhub.data.dto.ProductDto> studio.thinkground.aroundhub.controller.ProductController.createProduct(studio.thinkground.aroundhub.data.dto.ProductDto): [Field error in object 'productDto' on field 'productPrice': rejected value [-1111]; codes [Min.productDto.productPrice,Min.productPrice,Min.int,Min]; arguments [org.springframework.context.support.DefaultMessageSourceResolvable: codes [productDto.productPrice,productPrice]; arguments []; default message [productPrice],500]; default message [500 이상이어야 합니다]] 
[2022-06-23 19:08:57.915] [ERROR] [http-nio-8083-exec-3] studio.thinkground.aroundhub.common.exception.AroundHubExceptionHandler Advice 내 ExceptionHandler 호출, null, Validation failed for argument [0] in public org.springframework.http.ResponseEntity<studio.thinkground.aroundhub.data.dto.ProductDto> studio.thinkground.aroundhub.controller.ProductController.createProduct(studio.thinkground.aroundhub.data.dto.ProductDto): [Field error in object 'productDto' on field 'productPrice': rejected value [-1111]; codes [Min.productDto.productPrice,Min.productPrice,Min.int,Min]; arguments [org.springframework.context.support.DefaultMessageSourceResolvable: codes [productDto.productPrice,productPrice]; arguments []; default message [productPrice],500]; default message [500 이상이어야 합니다]] 
[2022-06-23 19:13:14.419] [INFO ] [SpringApplicationShutdownHook] org.springframework.orm.jpa.LocalContainerEntityManagerFactoryBean Closing JPA EntityManagerFactory for persistence unit 'default'
[2022-06-23 19:13:14.430] [INFO ] [SpringApplicationShutdownHook] com.zaxxer.hikari.HikariDataSource HikariPool-1 - Shutdown initiated...
[2022-06-23 19:13:14.464] [INFO ] [SpringApplicationShutdownHook] com.zaxxer.hikari.HikariDataSource HikariPool-1 - Shutdown completed.
[2022-06-23 19:13:20.055] [INFO ] [main] studio.thinkground.aroundhub.AroundHubSpringBootApplication Starting AroundHubSpringBootApplication using Java 11.0.14 on LAPTOP-SPCI7J6B with PID 24964 (D:\mywork\AroundHub_SpringBoot-query_dsl\target\classes started by User in D:\mywork\AroundHub_SpringBoot-query_dsl)
[2022-06-23 19:13:20.058] [INFO ] [main] studio.thinkground.aroundhub.AroundHubSpringBootApplication No active profile set, falling back to default profiles: default
[2022-06-23 19:13:20.058] [INFO ] [background-preinit] org.hibernate.validator.internal.util.Version HV000001: Hibernate Validator 6.2.0.Final
[2022-06-23 19:13:20.642] [INFO ] [main] org.springframework.data.repository.config.RepositoryConfigurationDelegate Bootstrapping Spring Data JPA repositories in DEFAULT mode.
[2022-06-23 19:13:20.683] [INFO ] [main] org.springframework.data.repository.config.RepositoryConfigurationDelegate Finished Spring Data repository scanning in 37 ms. Found 3 JPA repository interfaces.
[2022-06-23 19:13:21.046] [INFO ] [main] org.springframework.boot.web.embedded.tomcat.TomcatWebServer Tomcat initialized with port(s): 8083 (http)
[2022-06-23 19:13:21.052] [INFO ] [main] org.apache.coyote.http11.Http11NioProtocol Initializing ProtocolHandler ["http-nio-8083"]
[2022-06-23 19:13:21.053] [INFO ] [main] org.apache.catalina.core.StandardService Starting service [Tomcat]
[2022-06-23 19:13:21.053] [INFO ] [main] org.apache.catalina.core.StandardEngine Starting Servlet engine: [Apache Tomcat/9.0.54]
[2022-06-23 19:13:21.144] [INFO ] [main] org.apache.catalina.core.ContainerBase.[Tomcat].[localhost].[/] Initializing Spring embedded WebApplicationContext
[2022-06-23 19:13:21.144] [INFO ] [main] org.springframework.boot.web.servlet.context.ServletWebServerApplicationContext Root WebApplicationContext: initialization completed in 1057 ms
[2022-06-23 19:13:21.249] [INFO ] [main] org.hibernate.jpa.internal.util.LogHelper HHH000204: Processing PersistenceUnitInfo [name: default]
[2022-06-23 19:13:21.280] [INFO ] [main] org.hibernate.Version HHH000412: Hibernate ORM core version 5.4.32.Final
[2022-06-23 19:13:21.352] [INFO ] [main] org.hibernate.annotations.common.Version HCANN000001: Hibernate Commons Annotations {5.1.2.Final}
[2022-06-23 19:13:21.439] [INFO ] [main] com.zaxxer.hikari.HikariDataSource HikariPool-1 - Starting...
[2022-06-23 19:13:21.475] [INFO ] [main] com.zaxxer.hikari.HikariDataSource HikariPool-1 - Start completed.
[2022-06-23 19:13:21.489] [INFO ] [main] org.hibernate.dialect.Dialect HHH000400: Using dialect: org.hibernate.dialect.MariaDB103Dialect
[2022-06-23 19:13:22.176] [INFO ] [main] org.hibernate.engine.transaction.jta.platform.internal.JtaPlatformInitiator HHH000490: Using JtaPlatform implementation: [org.hibernate.engine.transaction.jta.platform.internal.NoJtaPlatform]
[2022-06-23 19:13:22.183] [INFO ] [main] org.springframework.orm.jpa.LocalContainerEntityManagerFactoryBean Initialized JPA EntityManagerFactory for persistence unit 'default'
[2022-06-23 19:13:22.615] [WARN ] [main] org.springframework.boot.autoconfigure.orm.jpa.JpaBaseConfiguration$JpaWebConfiguration spring.jpa.open-in-view is enabled by default. Therefore, database queries may be performed during view rendering. Explicitly configure spring.jpa.open-in-view to disable this warning
[2022-06-23 19:13:22.709] [INFO ] [main] springfox.documentation.spring.web.PropertySourcedRequestMappingHandlerMapping Mapped URL path [/v2/api-docs] onto method [springfox.documentation.swagger2.web.Swagger2Controller#getDocumentation(String, HttpServletRequest)]
[2022-06-23 19:13:22.977] [INFO ] [main] org.apache.coyote.http11.Http11NioProtocol Starting ProtocolHandler ["http-nio-8083"]
[2022-06-23 19:13:22.992] [INFO ] [main] org.springframework.boot.web.embedded.tomcat.TomcatWebServer Tomcat started on port(s): 8083 (http) with context path ''
[2022-06-23 19:13:22.993] [INFO ] [main] springfox.documentation.spring.web.plugins.DocumentationPluginsBootstrapper Context refreshed
[2022-06-23 19:13:23.004] [INFO ] [main] springfox.documentation.spring.web.plugins.DocumentationPluginsBootstrapper Found 1 custom documentation plugin(s)
[2022-06-23 19:13:23.026] [INFO ] [main] springfox.documentation.spring.web.scanners.ApiListingReferenceScanner Scanning for api listing references
[2022-06-23 19:13:23.145] [INFO ] [main] springfox.documentation.spring.web.readers.operation.CachingOperationNameGenerator Generating unique operation named: exceptionTestUsingPOST_1
[2022-06-23 19:13:23.152] [INFO ] [main] springfox.documentation.spring.web.readers.operation.CachingOperationNameGenerator Generating unique operation named: getNameUsingGET_1
[2022-06-23 19:13:23.183] [INFO ] [main] studio.thinkground.aroundhub.AroundHubSpringBootApplication Started AroundHubSpringBootApplication in 3.49 seconds (JVM running for 4.544)
[2022-06-23 19:13:26.625] [INFO ] [http-nio-8083-exec-1] org.apache.catalina.core.ContainerBase.[Tomcat].[localhost].[/] Initializing Spring DispatcherServlet 'dispatcherServlet'
[2022-06-23 19:13:26.626] [INFO ] [http-nio-8083-exec-1] org.springframework.web.servlet.DispatcherServlet Initializing Servlet 'dispatcherServlet'
[2022-06-23 19:13:26.628] [INFO ] [http-nio-8083-exec-1] org.springframework.web.servlet.DispatcherServlet Completed initialization in 2 ms
[2022-06-23 19:13:45.127] [ERROR] [http-nio-8083-exec-10] studio.thinkground.aroundhub.common.exception.AroundHubExceptionHandler Advice 내 ExceptionHandler 호출, null, Validation failed for argument [0] in public org.springframework.http.ResponseEntity<studio.thinkground.aroundhub.data.dto.ProductDto> studio.thinkground.aroundhub.controller.ProductController.createProduct(studio.thinkground.aroundhub.data.dto.ProductDto): [Field error in object 'productDto' on field 'productPrice': rejected value [0]; codes [Min.productDto.productPrice,Min.productPrice,Min.int,Min]; arguments [org.springframework.context.support.DefaultMessageSourceResolvable: codes [productDto.productPrice,productPrice]; arguments []; default message [productPrice],500]; default message [500 이상이어야 합니다]] 
[2022-06-23 20:11:46.585] [INFO ] [SpringApplicationShutdownHook] org.springframework.orm.jpa.LocalContainerEntityManagerFactoryBean Closing JPA EntityManagerFactory for persistence unit 'default'
[2022-06-23 20:11:46.587] [INFO ] [SpringApplicationShutdownHook] com.zaxxer.hikari.HikariDataSource HikariPool-1 - Shutdown initiated...
[2022-06-23 20:11:46.591] [INFO ] [SpringApplicationShutdownHook] com.zaxxer.hikari.HikariDataSource HikariPool-1 - Shutdown completed.
